10:36:45 Welcome to idtracker.ai                                                                            init_logger.py:100
         Running idtracker.ai '5.2.11' on Python '3.11.5'                                                   init_logger.py:101
         Platform: 'Windows-10-10.0.22631-SP0'                                                                                
         Date: 2024-04-12 10:36:45                                                                                            
         Writing log in C:\Users\ezhu\idtrackerai.log                                                       init_logger.py:106
         No parameter files detected                                                                            __main__.py:45
         No terminal arguments detected                                                                         __main__.py:53
         Initializing SegmentationGUI with PyQt5 5.15.10                                                   GUI_main_base.py:34
10:37:04 Generating frame stack for background subtraction with 50 samples                                 segmentation.py:251
10:38:49 Computing background (50 iterations). It took 0:01:44                                                bkg_widget.py:63
         Computing background from a frame stack using 'median'                                            segmentation.py:313
10:43:21 GUI params:                                                                                               main.py:288
                                name='1fish15min1fps-half-3-21dpf'                                                            
                         video_paths=['\\\\Mac\\Hamilton\\Zebrafish\\AVI\\3.13.24\\1fish15min1fps-half-3-21dpf_202            
         4-03-13-150558-0000.avi']                                                                                            
                       intensity_ths=[22, 255]                                                                                
                            area_ths=[500.0, inf]                                                                             
                  tracking_intervals=None                                                                                     
                   number_of_animals=1                                                                                        
                             use_bkg=True                                                                                     
                  check_segmentation=False                                                                                    
                resolution_reduction=1.0                                                                                      
                 track_wo_identities=False                                                                                    
                            roi_list=["+ Ellipse {'center': [1032, 1016], 'axes': [1011, 1020], 'angle': 26}",                
                                      "- Ellipse {'center': [1035, 1016], 'axes': [930, 942], 'angle': 174}",                 
                                      "+ Ellipse {'center': [1034, 1014], 'axes': [918, 925], 'angle': 178}"]                 
         background_subtraction_stat='median'                                                                                 
                      exclusive_rois=False                                                                                    
10:43:24 Using PyTorch 2.2.0.dev20231204                                                                           utils.py:16
         WARNING No graphic device was found available, running neural networks on CPU. This may slow down the     utils.py:24
         training steps.                                                                                                      
10:43:25 Initializing Session                                                                                   session.py:148
         Setting video paths to:                                                                                session.py:157
             \\Mac\Hamilton\Zebrafish\AVI\3.13.24\1fish15min1fps-half-3-21dpf_2024-03-13-150558-0000.avi                      
         The session has 899 frames (2 episodes)                                                                session.py:197
                 Episode 0, frames (0 => 449) of /1fish15min1fps-half-3-21dpf_2024-03-13-150558-0000.avi        session.py:204
                 Episode 1, frames (449 => 899) of /1fish15min1fps-half-3-21dpf_2024-03-13-150558-0000.avi      session.py:204
         Directory \\Mac\Hamilton\Zebrafish\AVI\3.13.24\session_1fish15min1fps-half-3-21dpf has been created         run.py:25
         Directory \\Mac\Hamilton\Zebrafish\AVI\3.13.24\session_1fish15min1fps-half-3-21dpf\preprocessing has been   run.py:25
         created                                                                                                              
         ROI mask saved at                                                                                      session.py:343
         \\Mac\Hamilton\Zebrafish\AVI\3.13.24\session_1fish15min1fps-half-3-21dpf\preprocessing\ROI_mask.png                  
         Number of parallel jobs: 7                                                                             session.py:258
10:43:26 Background saved at                                                                                    session.py:320
         \\Mac\Hamilton\Zebrafish\AVI\3.13.24\session_1fish15min1fps-half-3-21dpf\preprocessing\background.png                
         START Tracking session                                                                                      run.py:25
         Saving Session object in                                                                                    run.py:27
         \\Mac\Hamilton\Zebrafish\AVI\3.13.24\session_1fish15min1fps-half-3-21dpf\session.json                                
         START Animal detection                                                                                      run.py:29
         Directory \\Mac\Hamilton\Zebrafish\AVI\3.13.24\session_1fish15min1fps-half-3-21dpf\bounding_box_images has  run.py:29
         been created                                                                                                         
         Using previously computed background model from GUI                                           animals_detection.py:32
         Segmenting video, 2 episodes in 7 parallel jobs                                                   segmentation.py:207
         Saving bounding box images in                                                                     segmentation.py:210
         \\Mac\Hamilton\Zebrafish\AVI\3.13.24\session_1fish15min1fps-half-3-21dpf\bounding_box_images                         
10:43:41 Segmenting video (2 iterations). It took 0:00:14                                              animals_detection.py:55
         Generating ListOfBlobs object                                                                     list_of_blobs.py:26
         697 detected blobs in total                                                                   animals_detection.py:65
         WARNING There are 11 frames with more blobs than animals                                     animals_detection.py:102
         WARNING This can be detrimental for the proper functioning of the system                     animals_detection.py:114
         WARNING Frames with more blobs than animals: [30, 33, 44, 55, 59, 75, 80, 155, 641, 804,     animals_detection.py:116
         838]                                                                                                                 
         Saving indices of frames with more blobs than animals in                                     animals_detection.py:123
         \\Mac\Hamilton\Zebrafish\AVI\3.13.24\session_1fish15min1fps-half-3-21dpf\inconsistent_frames                         
         .csv                                                                                                                 
         Check_segmentation is False, ignoring the above errors                                       animals_detection.py:134
         FINISH Animal detection, it took 0:00:14                                                                    run.py:29
         Saving Session object in                                                                                    run.py:31
         \\Mac\Hamilton\Zebrafish\AVI\3.13.24\session_1fish15min1fps-half-3-21dpf\session.json                                
         Saving ListOfBlobs at                                                                                       run.py:31
         \\Mac\Hamilton\Zebrafish\AVI\3.13.24\session_1fish15min1fps-half-3-21dpf\preprocessing\list_of_blobs.pickle          
         START Crossing detection                                                                                    run.py:33
         Computing body lengths (899 iterations). It took 0:00:00                                               __init__.py:25
         Median body length: 76.0 pixels                                                                      model_area.py:95
         Identification image size set to [54, 54, 1]                                                           session.py:298
         Directory \\Mac\Hamilton\Zebrafish\AVI\3.13.24\session_1fish15min1fps-half-3-21dpf\identification_images    run.py:33
         has been created                                                                                                     
10:43:43 Setting images for identification (2 iterations). It took 0:00:01                                      __init__.py:30
         Connecting blobs (899 iterations). It took 0:00:00                                                     __init__.py:36
         FINISH Crossing detection, it took 0:00:01                                                                  run.py:33
         Saving Session object in                                                                                    run.py:35
         \\Mac\Hamilton\Zebrafish\AVI\3.13.24\session_1fish15min1fps-half-3-21dpf\session.json                                
         Saving ListOfBlobs at                                                                                       run.py:35
         \\Mac\Hamilton\Zebrafish\AVI\3.13.24\session_1fish15min1fps-half-3-21dpf\preprocessing\list_of_blobs.pickle          
         START Fragmentation                                                                                         run.py:37
         Fragmenting blobs (899 iterations). It took 0:00:00                                               fragmentation.py:25
         Creating list of fragments                                                                   list_of_fragments.py:593
         Connecting coexisting fragments (899 iterations). It took 0:00:00                             list_of_fragments.py:56
         672 Fragments in total, 672 individuals and 0 crossings                                           fragmentation.py:30
         Total number of Global Fragments: 180                                                  list_of_global_fragments.py:47
         Of which 2 are long enough to be accumulated                                           list_of_global_fragments.py:51
         FINISH Fragmentation, it took 0:00:00                                                                       run.py:37
         Saving Session object in                                                                                    run.py:41
         \\Mac\Hamilton\Zebrafish\AVI\3.13.24\session_1fish15min1fps-half-3-21dpf\session.json                                
         Saving ListOfBlobs at                                                                                       run.py:41
         \\Mac\Hamilton\Zebrafish\AVI\3.13.24\session_1fish15min1fps-half-3-21dpf\preprocessing\list_of_blobs.pickle          
         Saving ListOfFragments as                                                                                   run.py:41
         \\Mac\Hamilton\Zebrafish\AVI\3.13.24\session_1fish15min1fps-half-3-21dpf\preprocessing\list_of_fragments.js          
         on                                                                                                                   
         Saving ListOfGlobalFragments at                                                                             run.py:41
         \\Mac\Hamilton\Zebrafish\AVI\3.13.24\session_1fish15min1fps-half-3-21dpf\preprocessing\list_of_global_fragm          
         ents.json                                                                                                            
         START Tracking                                                                                              run.py:43
         Tracking a single animal, assigning identity 1 to all blobs                                            __init__.py:82
         FINISH Tracking, it took Not finished                                                                       run.py:43
         Saving Session object in                                                                                    run.py:50
         \\Mac\Hamilton\Zebrafish\AVI\3.13.24\session_1fish15min1fps-half-3-21dpf\session.json                                
         Saving ListOfBlobs at                                                                                       run.py:50
         \\Mac\Hamilton\Zebrafish\AVI\3.13.24\session_1fish15min1fps-half-3-21dpf\preprocessing\list_of_blobs.pickle          
         Saving ListOfFragments as                                                                                   run.py:50
         \\Mac\Hamilton\Zebrafish\AVI\3.13.24\session_1fish15min1fps-half-3-21dpf\preprocessing\list_of_fragments.js          
         on                                                                                                                   
10:43:44 Saving ListOfGlobalFragments at                                                                             run.py:50
         \\Mac\Hamilton\Zebrafish\AVI\3.13.24\session_1fish15min1fps-half-3-21dpf\preprocessing\list_of_global_fragm          
         ents.json                                                                                                            
         START Trajectories creation                                                                                 run.py:52
         Directory \\Mac\Hamilton\Zebrafish\AVI\3.13.24\session_1fish15min1fps-half-3-21dpf\trajectories has been    run.py:52
         created                                                                                                              
         Producing trajectories (899 iterations). It took 0:00:00                                      get_trajectories.py:101
         Saving trajectories with gaps in                                                          trajectories_creation.py:39
         \\Mac\Hamilton\Zebrafish\AVI\3.13.24\session_1fish15min1fps-half-3-21dpf\trajectories\wit                            
         h_gaps.npy                                                                                                           
         Directory                                                                                 trajectories_creation.py:42
         \\Mac\Hamilton\Zebrafish\AVI\3.13.24\session_1fish15min1fps-half-3-21dpf\trajectories\wit                            
         h_gaps_csv has been created                                                                                          
         Converting                                                                                  trajectories_to_csv.py:47
         \\Mac\Hamilton\Zebrafish\AVI\3.13.24\session_1fish15min1fps-half-3-21dpf\trajectories\with_                          
         gaps.npy to .csv and .json                                                                                           
         Saving ListOfBlobs at                                                                                       run.py:52
         \\Mac\Hamilton\Zebrafish\AVI\3.13.24\session_1fish15min1fps-half-3-21dpf\preprocessing\list_of_blobs.pickle          
         FINISH Trajectories creation, it took 0:00:00                                                               run.py:52
         FINISH Tracking session, it took 0:00:17                                                                    run.py:52
         Saving Session object in                                                                                    run.py:52
         \\Mac\Hamilton\Zebrafish\AVI\3.13.24\session_1fish15min1fps-half-3-21dpf\session.json                                
         Estimated accuracy: 100.0000%                                                                               run.py:64
         Data policy: "idmatcher.ai"                                                                            session.py:846
         Directory \\Mac\Hamilton\Zebrafish\AVI\3.13.24\session_1fish15min1fps-half-3-21dpf\bounding_box_images has  run.py:68
         been removed                                                                                                         
         Directory \\Mac\Hamilton\Zebrafish\AVI\3.13.24\session_1fish15min1fps-half-3-21dpf\crossings_detector not   run.py:68
         found, can't remove                                                                                                  
10:43:45 Compressing identification images (2 iterations). It took 0:00:00                                           run.py:69
         Success                                                                                                     run.py:70
